<?xml version="1.0" encoding="UTF-8"?>
<testng-results ignored="0" total="2" passed="2" failed="0" skipped="0">
  <reporter-output>
  </reporter-output>
  <suite started-at="2023-03-30T18:29:00 IST" name="Default suite" finished-at="2023-03-30T18:29:00 IST" duration-ms="187">
    <groups>
    </groups>
    <test started-at="2023-03-30T18:29:00 IST" name="Default test" finished-at="2023-03-30T18:29:00 IST" duration-ms="187">
      <class name="com.ust.test.SecondTest">
        <test-method is-config="true" signature="beforeTest()[pri:0, instance:com.ust.test.SecondTest@4b14c583]" started-at="2023-03-30T18:29:00 IST" name="beforeTest" finished-at="2023-03-30T18:29:00 IST" duration-ms="41" status="PASS">
          <reporter-output>
          </reporter-output>
        </test-method> <!-- beforeTest -->
        <test-method signature="f()[pri:1, instance:com.ust.test.SecondTest@4b14c583]" started-at="2023-03-30T18:29:00 IST" name="f" description="excuted firdt when priority is there" finished-at="2023-03-30T18:29:00 IST" duration-ms="68" status="PASS">
          <reporter-output>
          </reporter-output>
        </test-method> <!-- f -->
        <test-method signature="a()[pri:2, instance:com.ust.test.SecondTest@4b14c583]" started-at="2023-03-30T18:29:00 IST" name="a" description="tests a" finished-at="2023-03-30T18:29:00 IST" duration-ms="1" status="PASS">
          <reporter-output>
          </reporter-output>
        </test-method> <!-- a -->
        <test-method is-config="true" signature="afterTest()[pri:0, instance:com.ust.test.SecondTest@4b14c583]" started-at="2023-03-30T18:29:00 IST" name="afterTest" finished-at="2023-03-30T18:29:00 IST" duration-ms="1" status="PASS">
          <reporter-output>
          </reporter-output>
        </test-method> <!-- afterTest -->
      </class> <!-- com.ust.test.SecondTest -->
    </test> <!-- Default test -->
  </suite> <!-- Default suite -->
</testng-results>
